<?xml version="1.0" encoding="UTF-8"?>
<!-- Generated by org.testng.reporters.JUnitReportReporter -->
<testsuite skipped="1" hostname="WSPF1KM48H" name="org.SalesForceTestAutomation.tests.CP_476_twoPaymentsBothPaid" tests="1" failures="0" timestamp="10 Feb 2021 15:00:44 GMT" time="0.001" errors="0">
  <testcase name="cP_476_twoPaymentsBothPaid" time="0.001" classname="org.SalesForceTestAutomation.tests.CP_476_twoPaymentsBothPaid">
    <skipped/>
  </testcase> <!-- cP_476_twoPaymentsBothPaid -->
</testsuite> <!-- org.SalesForceTestAutomation.tests.CP_476_twoPaymentsBothPaid -->
