<?xml version="1.0" encoding="UTF-8"?>
<!-- Generated by org.testng.reporters.JUnitReportReporter -->
<testsuite skipped="0" hostname="WSPF1KM48H" name="org.PlanCanadaTestAutomation.tests.SalesForce_TC02" tests="1" failures="0" timestamp="3 Feb 2021 15:21:40 GMT" time="49.945" errors="0">
  <testcase name="navigateTest" time="49.945" classname="org.PlanCanadaTestAutomation.tests.SalesForce_TC02"/>
</testsuite> <!-- org.PlanCanadaTestAutomation.tests.SalesForce_TC02 -->
